-------------------------------------------------------------------------------
Test set: es.jpa.hibernate.example.entities.PersonTest
-------------------------------------------------------------------------------
Tests run: 2, Failures: 1, Errors: 0, Skipped: 0, Time elapsed: 2.756 s <<< FAILURE! - in es.jpa.hibernate.example.entities.PersonTest
es.jpa.hibernate.example.entities.PersonTest.testUpdate  Time elapsed: 0.024 s  <<< FAILURE!
org.opentest4j.AssertionFailedError: 
	at es.jpa.hibernate.example.entities.PersonTest.testUpdate(PersonTest.java:61)

